This is pdfTeX, Version 3.141592653-2.6-1.40.25 (TeX Live 2023/Debian) (preloaded format=pdflatex 2025.11.26)  27 MAR 2026 14:23
entering extended mode
 restricted \write18 enabled.
 file:line:error style messages enabled.
 %&-line parsing enabled.
**/home/delossa/Nextcloud/ESSERC2026/hysteresis_fig
(/home/delossa/Nextcloud/ESSERC2026/hysteresis_fig.tex
LaTeX2e <2023-11-01> patch level 1
L3 programming layer <2024-01-22>
(/usr/share/texlive/texmf-dist/tex/latex/standalone/standalone.cls
Document Class: standalone 2022/10/10 v1.3b Class to compile TeX sub-files standalone
(/usr/share/texlive/texmf-dist/tex/latex/tools/shellesc.sty
Package: shellesc 2023/07/08 v1.0d unified shell escape interface for LaTeX
Package shellesc Info: Restricted shell escape enabled on input line 77.
) (/usr/share/texlive/texmf-dist/tex/generic/iftex/ifluatex.sty
Package: ifluatex 2019/10/25 v1.5 ifluatex legacy package. Use iftex instead.
 (/usr/share/texlive/texmf-dist/tex/generic/iftex/iftex.sty
Package: iftex 2022/02/03 v1.0f TeX engine tests
)) (/usr/share/texlive/texmf-dist/tex/latex/xkeyval/xkeyval.sty
Package: xkeyval 2022/06/16 v2.9 package option processing (HA)
 (/usr/share/texlive/texmf-dist/tex/generic/xkeyval/xkeyval.tex (/usr/share/texlive/texmf-dist/tex/generic/xkeyval/xkvutils.tex
\XKV@toks=\toks17
\XKV@tempa@toks=\toks18
 (/usr/share/texlive/texmf-dist/tex/generic/xkeyval/keyval.tex))
\XKV@depth=\count187
File: xkeyval.tex 2014/12/03 v2.7a key=value parser (HA)
))
\sa@internal=\count188
\c@sapage=\count189
 (/usr/share/texlive/texmf-dist/tex/latex/standalone/standalone.cfg
File: standalone.cfg 2022/10/10 v1.3b Default configuration file for 'standalone' class
) (/usr/share/texlive/texmf-dist/tex/latex/base/article.cls
Document Class: article 2023/05/17 v1.4n Standard LaTeX document class
(/usr/share/texlive/texmf-dist/tex/latex/base/size10.clo
File: size10.clo 2023/05/17 v1.4n Standard LaTeX file (size option)
)
\c@part=\count190
\c@section=\count191
\c@subsection=\count192
\c@subsubsection=\count193
\c@paragraph=\count194
\c@subparagraph=\count195
\c@figure=\count196
\c@table=\count197
\abovecaptionskip=\skip48
\belowcaptionskip=\skip49
\bibindent=\dimen140
)
\sa@box=\box51
) (/usr/share/texlive/texmf-dist/tex/latex/graphics/graphicx.sty
Package: graphicx 2021/09/16 v1.2d Enhanced LaTeX Graphics (DPC,SPQR)
 (/usr/share/texlive/texmf-dist/tex/latex/graphics/graphics.sty
Package: graphics 2022/03/10 v1.4e Standard LaTeX Graphics (DPC,SPQR)
 (/usr/share/texlive/texmf-dist/tex/latex/graphics/trig.sty
Package: trig 2021/08/11 v1.11 sin cos tan (DPC)
) (/usr/share/texlive/texmf-dist/tex/latex/graphics-cfg/graphics.cfg
File: graphics.cfg 2016/06/04 v1.11 sample graphics configuration
)
Package graphics Info: Driver file: pdftex.def on input line 107.
 (/usr/share/texlive/texmf-dist/tex/latex/graphics-def/pdftex.def
File: pdftex.def 2022/09/22 v1.2b Graphics/color driver for pdftex
))
\Gin@req@height=\dimen141
\Gin@req@width=\dimen142
) (/usr/share/texlive/texmf-dist/tex/latex/float/float.sty
Package: float 2001/11/08 v1.3d Float enhancements (AL)
\c@float@type=\count198
\float@exts=\toks19
\float@box=\box52
\@float@everytoks=\toks20
\@floatcapt=\box53
) (/usr/share/texlive/texmf-dist/tex/latex/subfig/subfig.sty
Package: subfig 2005/06/28 ver: 1.3 subfig package
 (/usr/share/texlive/texmf-dist/tex/latex/caption/caption3.sty
Package: caption3 2023/07/31 v2.4d caption3 kernel (AR)
\caption@tempdima=\dimen143
\captionmargin=\dimen144
\caption@leftmargin=\dimen145
\caption@rightmargin=\dimen146
\caption@width=\dimen147
\caption@indent=\dimen148
\caption@parindent=\dimen149
\caption@hangindent=\dimen150
Package caption Info: Standard document class detected.
)
\c@KVtest=\count199
\sf@farskip=\skip50
\sf@captopadj=\dimen151
\sf@capskip=\skip51
\sf@nearskip=\skip52
\c@subfigure=\count266
\c@subfigure@save=\count267
\c@lofdepth=\count268
\c@subtable=\count269
\c@subtable@save=\count270
\c@lotdepth=\count271
\sf@top=\skip53
\sf@bottom=\skip54
) (/usr/share/texlive/texmf-dist/tex/latex/amsmath/amsmath.sty
Package: amsmath 2023/05/13 v2.17o AMS math features
\@mathmargin=\skip55

For additional information on amsmath, use the `?' option.
(/usr/share/texlive/texmf-dist/tex/latex/amsmath/amstext.sty
Package: amstext 2021/08/26 v2.01 AMS text
 (/usr/share/texlive/texmf-dist/tex/latex/amsmath/amsgen.sty
File: amsgen.sty 1999/11/30 v2.0 generic functions
\@emptytoks=\toks21
\ex@=\dimen152
)) (/usr/share/texlive/texmf-dist/tex/latex/amsmath/amsbsy.sty
Package: amsbsy 1999/11/29 v1.2d Bold Symbols
\pmbraise@=\dimen153
) (/usr/share/texlive/texmf-dist/tex/latex/amsmath/amsopn.sty
Package: amsopn 2022/04/08 v2.04 operator names
)
\inf@bad=\count272
LaTeX Info: Redefining \frac on input line 234.
\uproot@=\count273
\leftroot@=\count274
LaTeX Info: Redefining \overline on input line 399.
LaTeX Info: Redefining \colon on input line 410.
\classnum@=\count275
\DOTSCASE@=\count276
LaTeX Info: Redefining \ldots on input line 496.
LaTeX Info: Redefining \dots on input line 499.
LaTeX Info: Redefining \cdots on input line 620.
\Mathstrutbox@=\box54
\strutbox@=\box55
LaTeX Info: Redefining \big on input line 722.
LaTeX Info: Redefining \Big on input line 723.
LaTeX Info: Redefining \bigg on input line 724.
LaTeX Info: Redefining \Bigg on input line 725.
\big@size=\dimen154
LaTeX Font Info:    Redeclaring font encoding OML on input line 743.
LaTeX Font Info:    Redeclaring font encoding OMS on input line 744.
\macc@depth=\count277
LaTeX Info: Redefining \bmod on input line 905.
LaTeX Info: Redefining \pmod on input line 910.
LaTeX Info: Redefining \smash on input line 940.
LaTeX Info: Redefining \relbar on input line 970.
LaTeX Info: Redefining \Relbar on input line 971.
\c@MaxMatrixCols=\count278
\dotsspace@=\muskip16
\c@parentequation=\count279
\dspbrk@lvl=\count280
\tag@help=\toks22
\row@=\count281
\column@=\count282
\maxfields@=\count283
\andhelp@=\toks23
\eqnshift@=\dimen155
\alignsep@=\dimen156
\tagshift@=\dimen157
\tagwidth@=\dimen158
\totwidth@=\dimen159
\lineht@=\dimen160
\@envbody=\toks24
\multlinegap=\skip56
\multlinetaggap=\skip57
\mathdisplay@stack=\toks25
LaTeX Info: Redefining \[ on input line 2953.
LaTeX Info: Redefining \] on input line 2954.
) (/usr/share/texlive/texmf-dist/tex/latex/amsfonts/amssymb.sty
Package: amssymb 2013/01/14 v3.01 AMS font symbols
 (/usr/share/texlive/texmf-dist/tex/latex/amsfonts/amsfonts.sty
Package: amsfonts 2013/01/14 v3.01 Basic AMSFonts support
\symAMSa=\mathgroup4
\symAMSb=\mathgroup5
LaTeX Font Info:    Redeclaring math symbol \hbar on input line 98.
LaTeX Font Info:    Overwriting math alphabet `\mathfrak' in version `bold'
(Font)                  U/euf/m/n --> U/euf/b/n on input line 106.
)) (/usr/share/texlive/texmf-dist/tex/latex/l3backend/l3backend-pdftex.def
File: l3backend-pdftex.def 2024-01-04 L3 backend support: PDF output (pdfTeX)
\l__color_backend_stack_int=\count284
\l__pdf_internal_box=\box56
)
No file hysteresis_fig.aux.
\openout1 = `hysteresis_fig.aux'.

LaTeX Font Info:    Checking defaults for OML/cmm/m/it on input line 6.
LaTeX Font Info:    ... okay on input line 6.
LaTeX Font Info:    Checking defaults for OMS/cmsy/m/n on input line 6.
LaTeX Font Info:    ... okay on input line 6.
LaTeX Font Info:    Checking defaults for OT1/cmr/m/n on input line 6.
LaTeX Font Info:    ... okay on input line 6.
LaTeX Font Info:    Checking defaults for T1/cmr/m/n on input line 6.
LaTeX Font Info:    ... okay on input line 6.
LaTeX Font Info:    Checking defaults for TS1/cmr/m/n on input line 6.
LaTeX Font Info:    ... okay on input line 6.
LaTeX Font Info:    Checking defaults for OMX/cmex/m/n on input line 6.
LaTeX Font Info:    ... okay on input line 6.
LaTeX Font Info:    Checking defaults for U/cmr/m/n on input line 6.
LaTeX Font Info:    ... okay on input line 6.
(/usr/share/texlive/texmf-dist/tex/context/base/mkii/supp-pdf.mkii
[Loading MPS to PDF converter (version 2006.09.02).]
\scratchcounter=\count285
\scratchdimen=\dimen161
\scratchbox=\box57
\nofMPsegments=\count286
\nofMParguments=\count287
\everyMPshowfont=\toks26
\MPscratchCnt=\count288
\MPscratchDim=\dimen162
\MPnumerator=\count289
\makeMPintoPDFobject=\count290
\everyMPtoPDFconversion=\toks27
) (/usr/share/texlive/texmf-dist/tex/latex/epstopdf-pkg/epstopdf-base.sty
Package: epstopdf-base 2020-01-24 v2.11 Base part for package epstopdf
Package epstopdf-base Info: Redefining graphics rule for `.eps' on input line 485.
 (/usr/share/texlive/texmf-dist/tex/latex/latexconfig/epstopdf-sys.cfg
File: epstopdf-sys.cfg 2010/07/13 v1.3 Configuration of (r)epstopdf for TeX Live
))
Package caption Info: Begin \AtBeginDocument code.
Package caption Info: subfig package v1.3 is loaded.
Package caption Info: End \AtBeginDocument code.


/home/delossa/Nextcloud/ESSERC2026/hysteresis_fig.tex:8: LaTeX Error: Something's wrong--perhaps a missing \item.

See the LaTeX manual or LaTeX Companion for explanation.
Type  H <return>  for immediate help.
 ...                                              
                                                  
l.8 \begin{figure*}
                   [ht]
Try typing  <return>  to proceed.
If that doesn't work, type  X <return>  to quit.


/home/delossa/Nextcloud/ESSERC2026/hysteresis_fig.tex:8: LaTeX Error: Something's wrong--perhaps a missing \item.

See the LaTeX manual or LaTeX Companion for explanation.
Type  H <return>  for immediate help.
 ...                                              
                                                  
l.8 \begin{figure*}
                   [ht]
Try typing  <return>  to proceed.
If that doesn't work, type  X <return>  to quit.


/home/delossa/Nextcloud/ESSERC2026/hysteresis_fig.tex:8: LaTeX Error: Something's wrong--perhaps a missing \item.

See the LaTeX manual or LaTeX Companion for explanation.
Type  H <return>  for immediate help.
 ...                                              
                                                  
l.8 \begin{figure*}
                   [ht]
Try typing  <return>  to proceed.
If that doesn't work, type  X <return>  to quit.

<figures/hysteresis_IdVg_example.pdf, id=1, 158.99399pt x 144.54pt>
File: figures/hysteresis_IdVg_example.pdf Graphic file (type pdf)
<use figures/hysteresis_IdVg_example.pdf>
Package pdftex.def Info: figures/hysteresis_IdVg_example.pdf  used on input line 10.
(pdftex.def)             Requested size: 158.99359pt x 144.53963pt.
<figures/hysteresis_time_example.pdf, id=2, 158.99399pt x 144.54pt>
File: figures/hysteresis_time_example.pdf Graphic file (type pdf)
<use figures/hysteresis_time_example.pdf>
Package pdftex.def Info: figures/hysteresis_time_example.pdf  used on input line 12.
(pdftex.def)             Requested size: 158.99359pt x 144.53963pt.
<figures/hysteresis_Vth_DeltaVth_vs_freq.pdf, id=3, 180.675pt x 144.54pt>
File: figures/hysteresis_Vth_DeltaVth_vs_freq.pdf Graphic file (type pdf)
<use figures/hysteresis_Vth_DeltaVth_vs_freq.pdf>
Package pdftex.def Info: figures/hysteresis_Vth_DeltaVth_vs_freq.pdf  used on input line 14.
(pdftex.def)             Requested size: 180.67455pt x 144.53963pt.

/home/delossa/Nextcloud/ESSERC2026/hysteresis_fig.tex:14: LaTeX Error: Something's wrong--perhaps a missing \item.

See the LaTeX manual or LaTeX Companion for explanation.
Type  H <return>  for immediate help.
 ...                                              
                                                  
l.14 ...eq.pdf}\label{fig:hysteresis_vs_freq}} \\[
                                                  -1.2em]
Try typing  <return>  to proceed.
If that doesn't work, type  X <return>  to quit.

/home/delossa/Nextcloud/ESSERC2026/hysteresis_fig.tex:14: Missing \endgroup inserted.
<inserted text> 
                \endgroup 
l.14 ...\label{fig:hysteresis_vs_freq}} \\[-1.2em]
                                                  
I've inserted something that you may have forgotten.
(See the <inserted text> above.)
With luck, this will get me unwedged. But if you
really didn't forget anything, try typing `2' now; then
my insertion and my current dilemma will both disappear.

/home/delossa/Nextcloud/ESSERC2026/hysteresis_fig.tex:14: Missing \endgroup inserted.
<inserted text> 
                \endgroup 
l.14 ...\label{fig:hysteresis_vs_freq}} \\[-1.2em]
                                                  
I've inserted something that you may have forgotten.
(See the <inserted text> above.)
With luck, this will get me unwedged. But if you
really didn't forget anything, try typing `2' now; then
my insertion and my current dilemma will both disappear.

/home/delossa/Nextcloud/ESSERC2026/hysteresis_fig.tex:14: Missing } inserted.
<inserted text> 
                }
l.14 ...\label{fig:hysteresis_vs_freq}} \\[-1.2em]
                                                  
I've inserted something that you may have forgotten.
(See the <inserted text> above.)
With luck, this will get me unwedged. But if you
really didn't forget anything, try typing `2' now; then
my insertion and my current dilemma will both disappear.


/home/delossa/Nextcloud/ESSERC2026/hysteresis_fig.tex:15: LaTeX Error: \subfloat outside float.

See the LaTeX manual or LaTeX Companion for explanation.
Type  H <return>  for immediate help.
 ...                                              
                                                  
l.15     \subfloat
                  []{\includegraphics[]{figures/hysteresis_DeltaVth_vs_freq_...
You're in trouble here.  Try typing  <return>  to proceed.
If that doesn't work, type  X <return>  to quit.

<figures/hysteresis_DeltaVth_vs_freq_differentVd.pdf, id=4, 289.08pt x 144.54pt>
File: figures/hysteresis_DeltaVth_vs_freq_differentVd.pdf Graphic file (type pdf)
<use figures/hysteresis_DeltaVth_vs_freq_differentVd.pdf>
Package pdftex.def Info: figures/hysteresis_DeltaVth_vs_freq_differentVd.pdf  used on input line 15.
(pdftex.def)             Requested size: 289.07928pt x 144.53963pt.

/home/delossa/Nextcloud/ESSERC2026/hysteresis_fig.tex:17: LaTeX Error: \subfloat outside float.

See the LaTeX manual or LaTeX Companion for explanation.
Type  H <return>  for immediate help.
 ...                                              
                                                  
l.17     \subfloat
                  []{\includegraphics[]{figures/hysteresis_DeltaVth_vs_freq_...
You're in trouble here.  Try typing  <return>  to proceed.
If that doesn't work, type  X <return>  to quit.

<figures/hysteresis_DeltaVth_vs_freq_comparison.pdf, id=5, 216.81pt x 144.54pt>
File: figures/hysteresis_DeltaVth_vs_freq_comparison.pdf Graphic file (type pdf)
<use figures/hysteresis_DeltaVth_vs_freq_comparison.pdf>
Package pdftex.def Info: figures/hysteresis_DeltaVth_vs_freq_comparison.pdf  used on input line 17.
(pdftex.def)             Requested size: 216.80946pt x 144.53963pt.

/home/delossa/Nextcloud/ESSERC2026/hysteresis_fig.tex:18: LaTeX Error: \caption outside float.

See the LaTeX manual or LaTeX Companion for explanation.
Type  H <return>  for immediate help.
 ...                                              
                                                  
l.18     \caption
                 {(a) \textbf{Typical hysteresis curve}: the hysteresis widt...
You're in trouble here.  Try typing  <return>  to proceed.
If that doesn't work, type  X <return>  to quit.

/home/delossa/Nextcloud/ESSERC2026/hysteresis_fig.tex:18: Undefined control sequence.
\sf@savecaption ...name \fi \fi \@dblarg {\@tempf 
                                                  \@captype }
l.18     \caption
                 {(a) \textbf{Typical hysteresis curve}: the hysteresis widt...
The control sequence at the end of the top line
of your error message was never \def'ed. If you have
misspelled it (e.g., `\hobx'), type `I' and the correct
spelling (e.g., `I\hbox'). Otherwise just continue,
and I'll forget about whatever was undefined.

/home/delossa/Nextcloud/ESSERC2026/hysteresis_fig.tex:18: Undefined control sequence.
\sf@savecaption ...fi \@dblarg {\@tempf \@captype 
                                                  }
l.18     \caption
                 {(a) \textbf{Typical hysteresis curve}: the hysteresis widt...
The control sequence at the end of the top line
of your error message was never \def'ed. If you have
misspelled it (e.g., `\hobx'), type `I' and the correct
spelling (e.g., `I\hbox'). Otherwise just continue,
and I'll forget about whatever was undefined.

LaTeX Font Info:    Trying to load font information for U+msa on input line 18.
(/usr/share/texlive/texmf-dist/tex/latex/amsfonts/umsa.fd
File: umsa.fd 2013/01/14 v3.01 AMS symbols A
)
LaTeX Font Info:    Trying to load font information for U+msb on input line 18.
 (/usr/share/texlive/texmf-dist/tex/latex/amsfonts/umsb.fd
File: umsb.fd 2013/01/14 v3.01 AMS symbols B
)

/home/delossa/Nextcloud/ESSERC2026/hysteresis_fig.tex:20: LaTeX Error: Something's wrong--perhaps a missing \item.

See the LaTeX manual or LaTeX Companion for explanation.
Type  H <return>  for immediate help.
 ...                                              
                                                  
l.20 \end{figure*}
                  
Try typing  <return>  to proceed.
If that doesn't work, type  X <return>  to quit.


Overfull \hbox (189.2221pt too wide) in paragraph at lines 15--20
[]\OT1/cmr/m/n/10 [][][]  [][][]
 []


/home/delossa/Nextcloud/ESSERC2026/hysteresis_fig.tex:20: LaTeX Error: \begin{document} ended by \end{figure*}.

See the LaTeX manual or LaTeX Companion for explanation.
Type  H <return>  for immediate help.
 ...                                              
                                                  
l.20 \end{figure*}
                  
Your command was ignored.
Type  I <command> <return>  to replace it with another command,
or  <return>  to continue without it.

/home/delossa/Nextcloud/ESSERC2026/hysteresis_fig.tex:20: Extra \endgroup.
<recently read> \endgroup 
                          
l.20 \end{figure*}
                  
Things are pretty mixed up, but I think the worst is over.

/home/delossa/Nextcloud/ESSERC2026/hysteresis_fig.tex:22: Extra \endgroup.
\color@endgroup ->\endgraf \endgroup 
                                     
l.22 \end{document}
                   
Things are pretty mixed up, but I think the worst is over.

/home/delossa/Nextcloud/ESSERC2026/hysteresis_fig.tex:22: Too many }'s.
\endsa@boxit ...dvarwidth \color@endgroup \egroup 
                                                  
l.22 \end{document}
                   
You've closed more groups than you opened.
Such booboos are generally harmless, so keep going.

[1

{/var/lib/texmf/fonts/map/pdftex/updmap/pdftex.map} <./figures/hysteresis_DeltaVth_vs_freq_differentVd.pdf> <./figures/hysteresis_DeltaVth_vs_freq_comparison.pdf>] [2 <./figures/hysteresis_IdVg_example.pdf> <./figures/hysteresis_time_example.pdf> <./figures/hysteresis_Vth_DeltaVth_vs_freq.pdf>] (./hysteresis_fig.aux)
 ***********
LaTeX2e <2023-11-01> patch level 1
L3 programming layer <2024-01-22>
 ***********


LaTeX Warning: Label(s) may have changed. Rerun to get cross-references right.

 ) 
Here is how much of TeX's memory you used:
 4188 strings out of 475597
 69224 string characters out of 5783338
 1926975 words of memory out of 5000000
 26318 multiletter control sequences out of 15000+600000
 561280 words of font info for 49 fonts, out of 8000000 for 9000
 309 hyphenation exceptions out of 8191
 69i,8n,117p,797b,489s stack positions out of 10000i,1000n,20000p,200000b,200000s
</usr/share/texlive/texmf-dist/fonts/type1/public/amsfonts/cm/cmbx10.pfb></usr/share/texlive/texmf-dist/fonts/type1/public/amsfonts/cm/cmmi10.pfb></usr/share/texlive/texmf-dist/fonts/type1/public/amsfonts/cm/cmmi7.pfb></usr/share/texlive/texmf-dist/fonts/type1/public/amsfonts/cm/cmr10.pfb></usr/share/texlive/texmf-dist/fonts/type1/public/amsfonts/cm/cmr9.pfb></usr/share/texlive/texmf-dist/fonts/type1/public/amsfonts/cm/cmss8.pfb></usr/share/texlive/texmf-dist/fonts/type1/public/amsfonts/cm/cmsy10.pfb>
Output written on hysteresis_fig.pdf (2 pages, 165697 bytes).
PDF statistics:
 315 PDF objects out of 1000 (max. 8388607)
 72 compressed objects within 1 object stream
 0 named destinations out of 1000 (max. 500000)
 26 words of extra memory for PDF output out of 10000 (max. 10000000)

